<?xml version="1.0" encoding="UTF-8"?>
<testng-results ignored="2" total="9" passed="7" failed="0" skipped="0">
  <reporter-output>
  </reporter-output>
  <suite started-at="2019-10-16T16:07:15 CEST" name="Suite" finished-at="2019-10-16T16:07:15 CEST" duration-ms="372">
    <groups>
    </groups>
    <test started-at="2019-10-16T16:07:15 CEST" name="Test" finished-at="2019-10-16T16:07:15 CEST" duration-ms="83">
      <class name="test.day4">
        <test-method signature="loginApiHomeloan()[pri:0, instance:test.day4@3bbc39f8]" started-at="2019-10-16T16:07:15 CEST" name="loginApiHomeloan" finished-at="2019-10-16T16:07:15 CEST" duration-ms="2" status="PASS">
          <reporter-output>
          </reporter-output>
        </test-method> <!-- loginApiHomeloan -->
        <test-method signature="mobileLoginHomeloan()[pri:0, instance:test.day4@3bbc39f8]" started-at="2019-10-16T16:07:15 CEST" name="mobileLoginHomeloan" finished-at="2019-10-16T16:07:15 CEST" duration-ms="2" status="PASS">
          <reporter-output>
          </reporter-output>
        </test-method> <!-- mobileLoginHomeloan -->
        <test-method signature="webloginHomeloan()[pri:0, instance:test.day4@3bbc39f8]" started-at="2019-10-16T16:07:15 CEST" name="webloginHomeloan" finished-at="2019-10-16T16:07:15 CEST" duration-ms="19" status="PASS">
          <reporter-output>
          </reporter-output>
        </test-method> <!-- webloginHomeloan -->
      </class> <!-- test.day4 -->
      <class name="test.day2">
        <test-method is-config="true" signature="prerequeiste()[pri:0, instance:test.day2@67e2d983]" started-at="2019-10-16T16:07:15 CEST" name="prerequeiste" finished-at="2019-10-16T16:07:15 CEST" duration-ms="8" status="PASS">
          <reporter-output>
          </reporter-output>
        </test-method> <!-- prerequeiste -->
        <test-method signature="ploan()[pri:0, instance:test.day2@67e2d983]" started-at="2019-10-16T16:07:15 CEST" name="ploan" finished-at="2019-10-16T16:07:15 CEST" duration-ms="2" status="PASS">
          <reporter-output>
          </reporter-output>
        </test-method> <!-- ploan -->
      </class> <!-- test.day2 -->
      <class name="test.day1">
        <test-method signature="secound()[pri:0, instance:test.day1@5ea434c8]" started-at="2019-10-16T16:07:15 CEST" name="secound" finished-at="2019-10-16T16:07:15 CEST" duration-ms="6" status="PASS">
          <reporter-output>
          </reporter-output>
        </test-method> <!-- secound -->
        <test-method is-config="true" signature="lastexecute()[pri:0, instance:test.day1@5ea434c8]" started-at="2019-10-16T16:07:15 CEST" name="lastexecute" finished-at="2019-10-16T16:07:15 CEST" duration-ms="1" status="PASS">
          <reporter-output>
          </reporter-output>
        </test-method> <!-- lastexecute -->
      </class> <!-- test.day1 -->
    </test> <!-- Test -->
    <test started-at="2019-10-16T16:07:15 CEST" name="Carlon" finished-at="2019-10-16T16:07:15 CEST" duration-ms="8">
      <class name="test.day3">
        <test-method signature="mobileLoginCarloan()[pri:0, instance:test.day3@14ec4505]" started-at="2019-10-16T16:07:15 CEST" name="mobileLoginCarloan" finished-at="2019-10-16T16:07:15 CEST" duration-ms="1" status="PASS">
          <reporter-output>
          </reporter-output>
        </test-method> <!-- mobileLoginCarloan -->
        <test-method signature="webloginCarloan()[pri:0, instance:test.day3@14ec4505]" started-at="2019-10-16T16:07:15 CEST" name="webloginCarloan" finished-at="2019-10-16T16:07:15 CEST" duration-ms="1" status="PASS">
          <reporter-output>
          </reporter-output>
        </test-method> <!-- webloginCarloan -->
      </class> <!-- test.day3 -->
    </test> <!-- Carlon -->
  </suite> <!-- Suite -->
</testng-results>
