<?xml version="1.0" encoding="UTF-8"?>
<!-- Generated by org.testng.reporters.JUnitXMLReporter -->
<testsuite ignored="1" hostname="Mac-Pro.local" failures="0" tests="2" name="Carlon" time="0.008" errors="0" timestamp="2019-10-16T16:07:15 CEST">
  <testcase classname="test.day3" name="mobileLoginCarloan" time="0.001"/>
  <testcase classname="test.day3" name="webloginCarloan" time="0.001"/>
  <testcase classname="test.day3" name="ApiLoginCarloan" time="0.0">
    <ignored/>
  </testcase> <!-- ApiLoginCarloan -->
</testsuite> <!-- Carlon -->
