<?xml version="1.0" encoding="UTF-8"?>
<!-- Generated by org.testng.reporters.JUnitXMLReporter -->
<testsuite ignored="2" hostname="Mac-Pro.local" failures="0" tests="5" name="Carlon" time="0.032" errors="0" timestamp="2019-10-20T23:15:18 CEST">
  <testcase classname="test.day3" name="MobileSingOutCarlon" time="0.001"/>
  <testcase classname="test.day3" name="MobileSingOutCarlon" time="0.002"/>
  <testcase classname="test.day3" name="MobileSingOutCarlon" time="0.001"/>
  <testcase classname="test.day3" name="mobileLoginCarloan" time="0.0"/>
  <testcase classname="test.day3" name="webloginCarloan" time="0.001"/>
  <testcase classname="test.day3" name="MobileSingInCarlon" time="0.0">
    <ignored/>
  </testcase> <!-- MobileSingInCarlon -->
  <testcase classname="test.day3" name="ApiLoginCarloan" time="0.0">
    <ignored/>
  </testcase> <!-- ApiLoginCarloan -->
</testsuite> <!-- Carlon -->
