<?xml version="1.0" encoding="UTF-8"?>
<!-- Generated by org.testng.reporters.JUnitXMLReporter -->
<testsuite ignored="0" hostname="Mac-Pro.local" failures="0" tests="9" name="personal Loan" time="0.07" errors="0" timestamp="2019-10-16T15:46:34 CEST">
  <testcase classname="test.day1" name="demo" time="0.004"/>
  <testcase classname="test.day1" name="secound" time="0.001"/>
  <testcase classname="test.day3" name="loginApiCarloan" time="0.001"/>
  <testcase classname="test.day3" name="mobileLoginCarloan" time="0.002"/>
  <testcase classname="test.day3" name="webloginCarloan" time="0.001"/>
  <testcase classname="test.day2" name="ploan" time="0.001"/>
  <testcase classname="test.day4" name="loginApiHomeloan" time="0.001"/>
  <testcase classname="test.day4" name="mobileLoginHomeloan" time="0.002"/>
  <testcase classname="test.day4" name="webloginHomeloan" time="0.003"/>
</testsuite> <!-- personal Loan -->
