<?xml version="1.0" encoding="UTF-8"?>
<!-- Generated by org.testng.reporters.JUnitXMLReporter -->
<testsuite ignored="6" hostname="Mac-Pro.local" failures="0" tests="3" name="regression" time="0.047" errors="0" timestamp="2019-10-17T14:44:51 CEST">
  <testcase classname="test.day2" name="ploan" time="0.009"/>
  <testcase classname="test.day4" name="mobileLoginHomeloan" time="0.001"/>
  <testcase classname="test.day3" name="mobileLoginCarloan" time="0.001"/>
  <testcase classname="test.day4" name="loginApiHomeloan" time="0.0">
    <ignored/>
  </testcase> <!-- loginApiHomeloan -->
  <testcase classname="test.day3" name="webloginCarloan" time="0.0">
    <ignored/>
  </testcase> <!-- webloginCarloan -->
  <testcase classname="test.day1" name="demo" time="0.0">
    <ignored/>
  </testcase> <!-- demo -->
  <testcase classname="test.day4" name="webloginHomeloan" time="0.0">
    <ignored/>
  </testcase> <!-- webloginHomeloan -->
  <testcase classname="test.day3" name="ApiLoginCarloan" time="0.0">
    <ignored/>
  </testcase> <!-- ApiLoginCarloan -->
  <testcase classname="test.day1" name="secound" time="0.0">
    <ignored/>
  </testcase> <!-- secound -->
</testsuite> <!-- regression -->
