<?xml version="1.0" encoding="UTF-8"?>
<!-- Generated by org.testng.reporters.JUnitXMLReporter -->
<testsuite ignored="0" hostname="Mac-Pro.local" failures="0" tests="6" name="Test" time="0.138" errors="0" timestamp="2019-10-16T09:23:38 CEST">
  <testcase classname="test.day1" name="demo" time="0.015"/>
  <testcase classname="test.day1" name="secound" time="0.008"/>
  <testcase classname="test.day2" name="ploan" time="0.002"/>
  <testcase classname="test.day4" name="loginApiHomeloan" time="0.003"/>
  <testcase classname="test.day4" name="mobileLoginHomeloan" time="0.005"/>
  <testcase classname="test.day4" name="webloginHomeloan" time="0.011"/>
</testsuite> <!-- Test -->
