<?xml version="1.0" encoding="UTF-8"?>
<!-- Generated by org.testng.reporters.JUnitXMLReporter -->
<testsuite ignored="1" hostname="Mac-Pro.local" failures="0" tests="5" name="Test" time="0.083" errors="0" timestamp="2019-10-16T16:07:15 CEST">
  <testcase classname="test.day1" name="secound" time="0.006"/>
  <testcase classname="test.day2" name="ploan" time="0.002"/>
  <testcase classname="test.day4" name="loginApiHomeloan" time="0.002"/>
  <testcase classname="test.day4" name="mobileLoginHomeloan" time="0.002"/>
  <testcase classname="test.day4" name="webloginHomeloan" time="0.019"/>
  <testcase classname="test.day1" name="demo" time="0.0">
    <ignored/>
  </testcase> <!-- demo -->
</testsuite> <!-- Test -->
